<?xml version="1.0" encoding="UTF-8"?>
<!-- Generated by org.testng.reporters.JUnitXMLReporter -->
<testsuite ignored="2" hostname="vRhythms064" failures="0" tests="1" name="Test1" time="4.322" errors="0" timestamp="2025-10-03T19:36:14 IST">
  <testcase classname="com.hyt.screenshots.TestClass" name="TestGoogle" time="1.813"/>
  <testcase classname="com.hyt.screenshots.TestClass" name="TestOrangeHRM" time="0.0">
    <ignored/>
  </testcase> <!-- TestOrangeHRM -->
  <testcase classname="com.hyt.screenshots.TestClass" name="TestNoteAffect" time="0.0">
    <ignored/>
  </testcase> <!-- TestNoteAffect -->
</testsuite> <!-- Test1 -->
