<?xml version="1.0" encoding="UTF-8"?>
<!-- Generated by org.testng.reporters.JUnitXMLReporter -->
<testsuite ignored="2" hostname="vRhythms064" failures="1" tests="1" name="Test2" time="5.092" errors="0" timestamp="2025-10-03T19:36:19 IST">
  <testcase classname="com.hyt.screenshots.TestClass" name="TestNoteAffect" time="3.188">
    <failure type="java.lang.AssertionError" message="URL Mismatch expected [https://eventtest.noteaffect.com/ap] but found [https://eventtest.noteaffect.com/Account/SsoLogin?returnurl=%2Fapp]">
      <![CDATA[java.lang.AssertionError: URL Mismatch expected [https://eventtest.noteaffect.com/ap] but found [https://eventtest.noteaffect.com/Account/SsoLogin?returnurl=%2Fapp]
at com.hyt.screenshots.TestClass.TestNoteAffect(TestClass.java:40)
at java.base/java.util.ArrayList.forEach(ArrayList.java:1511)
... Removed 32 stack frames]]>
    </failure>
  </testcase> <!-- TestNoteAffect -->
  <testcase classname="com.hyt.screenshots.TestClass" name="TestGoogle" time="0.0">
    <ignored/>
  </testcase> <!-- TestGoogle -->
  <testcase classname="com.hyt.screenshots.TestClass" name="TestOrangeHRM" time="0.0">
    <ignored/>
  </testcase> <!-- TestOrangeHRM -->
</testsuite> <!-- Test2 -->
