<?xml version="1.0" encoding="UTF-8"?>
<testng-results ignored="0" total="1" passed="1" failed="0" skipped="0">
  <reporter-output>
  </reporter-output>
  <suite started-at="2025-06-23T17:59:04 IST" name="Surefire suite" finished-at="2025-06-23T17:59:08 IST" duration-ms="4479">
    <groups>
    </groups>
    <test started-at="2025-06-23T17:59:04 IST" name="Surefire test" finished-at="2025-06-23T17:59:08 IST" duration-ms="4479">
      <class name="com.hyt.Tests.FirstTest">
        <test-method signature="TestGoogle()[pri:0, instance:com.hyt.Tests.FirstTest@37918c79]" started-at="2025-06-23T17:59:04 IST" name="TestGoogle" finished-at="2025-06-23T17:59:08 IST" duration-ms="4442" status="PASS">
          <reporter-output>
          </reporter-output>
        </test-method> <!-- TestGoogle -->
      </class> <!-- com.hyt.Tests.FirstTest -->
    </test> <!-- Surefire test -->
  </suite> <!-- Surefire suite -->
</testng-results>
